<?xml version="1.0" encoding="UTF-8"?>
<!-- Generated by org.testng.reporters.JUnitReportReporter -->
<testsuite skipped="0" hostname="SHI58495EU1003F" name="FirstAndroidCalcTest" tests="1" failures="0" timestamp="6 Nov 2016 10:23:49 GMT" time="7.633" errors="0">
  <testcase name="sum" time="7.633" classname="FirstAndroidCalcTest"/>
</testsuite> <!-- FirstAndroidCalcTest -->
