<?xml version="1.0" encoding="UTF-8"?>
<!-- Generated by org.testng.reporters.JUnitReportReporter -->
<testsuite skipped="0" hostname="SHI58495EU1003F" name="Scrolling" tests="1" failures="0" timestamp="19 Nov 2016 18:29:14 GMT" time="54.963" errors="0">
  <testcase name="scrollBegin" time="54.963" classname="Scrolling"/>
</testsuite> <!-- Scrolling -->
