<?xml version="1.0" encoding="UTF-8"?>
<!-- Generated by org.testng.reporters.JUnitReportReporter -->
<testsuite skipped="0" hostname="SHI58495EU1003F" name="Emulator" tests="1" failures="0" timestamp="19 Nov 2016 12:50:25 GMT" time="18.679" errors="0">
  <testcase name="setUp" time="18.679" classname="Emulator"/>
</testsuite> <!-- Emulator -->
