<?xml version="1.0" encoding="UTF-8"?>
<!-- Generated by org.testng.reporters.JUnitReportReporter -->
<testsuite name="XpathCalc" tests="1" time="3.944" ignored="0" failures="0" timestamp="17 Mar 2017 01:09:03 GMT" skipped="0" hostname="SHI58495EU1003F" errors="0">
  <testcase name="launch" time="3.944" classname="XpathCalc"/>
</testsuite> <!-- XpathCalc -->
